Using pre-set license
Built from '2020.3/staging' branch; Version is '2020.3.8f1 (507919d4fff5) revision 5273881'; Using compiler version '192528614'; Build Type 'Release'
OS: 'Windows 10 Pro; OS build 19042.1466; Version 2009; 64bit' Language: 'fi' Physical Memory: 16310 MB
BatchMode: 1, IsHumanControllingUs: 0, StartBugReporterOnCrash: 0, Is64bit: 1, IsPro: 0

 COMMAND LINE ARGUMENTS:
C:\unity\2020.3.8f1\Editor\Unity.exe
-adb2
-batchMode
-noUpm
-name
AssetImportWorker0
-projectPath
C:/Users/iidee/Desktop/Duality
-logFile
Logs/AssetImportWorker0.log
-srvPort
59495
Successfully changed project path to: C:/Users/iidee/Desktop/Duality
C:/Users/iidee/Desktop/Duality
Using Asset Import Pipeline V2.
Refreshing native plugins compatible for Editor in 19.89 ms, found 0 plugins.
Preloading 0 native plugins for Editor in 0.00 ms.
Initialize engine version: 2020.3.8f1 (507919d4fff5)
[Subsystems] Discovering subsystems at path C:/unity/2020.3.8f1/Editor/Data/Resources/UnitySubsystems
[Subsystems] Discovering subsystems at path C:/Users/iidee/Desktop/Duality/Assets
GfxDevice: creating device client; threaded=0
Direct3D:
    Version:  Direct3D 11.0 [level 11.1]
    Renderer: NVIDIA GeForce GTX 1660 SUPER (ID=0x21c4)
    Vendor:   
    VRAM:     5991 MB
    Driver:   30.0.14.9649
Initialize mono
Mono path[0] = 'C:/unity/2020.3.8f1/Editor/Data/Managed'
Mono path[1] = 'C:/unity/2020.3.8f1/Editor/Data/MonoBleedingEdge/lib/mono/unityjit'
Mono config path = 'C:/unity/2020.3.8f1/Editor/Data/MonoBleedingEdge/etc'
Using monoOptions --debugger-agent=transport=dt_socket,embedding=1,server=y,suspend=n,address=127.0.0.1:56272
Begin MonoManager ReloadAssembly
Registering precompiled unity dll's ...
Register platform support module: C:/unity/2020.3.8f1/Editor/Data/PlaybackEngines/WebGLSupport/UnityEditor.WebGL.Extensions.dll
Register platform support module: C:/unity/2020.3.8f1/Editor/Data/PlaybackEngines/MacStandaloneSupport/UnityEditor.OSXStandalone.Extensions.dll
Register platform support module: C:/unity/2020.3.8f1/Editor/Data/PlaybackEngines/WindowsStandaloneSupport/UnityEditor.WindowsStandalone.Extensions.dll
Registered in 0.002650 seconds.
Native extension for WindowsStandalone target not found
Native extension for OSXStandalone target not found
Native extension for WebGL target not found
Refreshing native plugins compatible for Editor in 21.23 ms, found 0 plugins.
Preloading 0 native plugins for Editor in 0.00 ms.
Mono: successfully reloaded assembly
- Completed reload, in  1.773 seconds
Platform modules already initialized, skipping
Registering precompiled user dll's ...
Registered in 0.000671 seconds.
Begin MonoManager ReloadAssembly
Native extension for WindowsStandalone target not found
Native extension for OSXStandalone target not found
Native extension for WebGL target not found
Refreshing native plugins compatible for Editor in 0.37 ms, found 0 plugins.
Preloading 0 native plugins for Editor in 0.00 ms.
Mono: successfully reloaded assembly
- Completed reload, in  0.714 seconds
Platform modules already initialized, skipping
========================================================================
Worker process is ready to serve import requests
Launched and connected shader compiler UnityShaderCompiler.exe after 0.04 seconds
Refreshing native plugins compatible for Editor in 0.20 ms, found 0 plugins.
Preloading 0 native plugins for Editor in 0.00 ms.
Unloading 1121 Unused Serialized files (Serialized files now loaded: 0)
System memory in use before: 57.9 MB.
System memory in use after: 57.9 MB.

Unloading 9 unused Assets to reduce memory usage. Loaded Objects now: 1569.
Total: 1.554300 ms (FindLiveObjects: 0.148800 ms CreateObjectMapping: 0.026100 ms MarkObjects: 1.308800 ms  DeleteObjects: 0.069100 ms)

========================================================================
Received Import Request.
  path: Assets/Scripts/NPC_Controller.cs
  artifactKey: Guid(07f6bee5ffb8b3047893886a625345e2) Importer(815301076,1909f56bfc062723c751e8b465ee728b)
Start importing Assets/Scripts/NPC_Controller.cs using Guid(07f6bee5ffb8b3047893886a625345e2) Importer(815301076,1909f56bfc062723c751e8b465ee728b)  -> (artifact id: 'b01b85b7492cdf9e16fc83585142a6dc') in 0.026639 seconds
  Import took 0.028314 seconds .

========================================================================
Received Prepare
Refreshing native plugins compatible for Editor in 1.10 ms, found 0 plugins.
Preloading 0 native plugins for Editor in 0.00 ms.
Unloading 3 Unused Serialized files (Serialized files now loaded: 0)
System memory in use before: 35.6 MB.
System memory in use after: 35.6 MB.

Unloading 3 unused Assets to reduce memory usage. Loaded Objects now: 1569.
Total: 2.673300 ms (FindLiveObjects: 0.159300 ms CreateObjectMapping: 0.076500 ms MarkObjects: 2.371300 ms  DeleteObjects: 0.064600 ms)

========================================================================
Received Prepare
Registering precompiled user dll's ...
Registered in 0.000786 seconds.
Begin MonoManager ReloadAssembly
Native extension for WindowsStandalone target not found
Native extension for OSXStandalone target not found
Native extension for WebGL target not found
Refreshing native plugins compatible for Editor in 0.19 ms, found 0 plugins.
Preloading 0 native plugins for Editor in 0.00 ms.
Mono: successfully reloaded assembly
- Completed reload, in  0.630 seconds
Platform modules already initialized, skipping
Refreshing native plugins compatible for Editor in 0.20 ms, found 0 plugins.
Preloading 0 native plugins for Editor in 0.00 ms.
Unloading 1116 Unused Serialized files (Serialized files now loaded: 0)
System memory in use before: 57.8 MB.
System memory in use after: 57.9 MB.

Unloading 5 unused Assets to reduce memory usage. Loaded Objects now: 1572.
Total: 1.296100 ms (FindLiveObjects: 0.108100 ms CreateObjectMapping: 0.024500 ms MarkObjects: 1.109700 ms  DeleteObjects: 0.053000 ms)

========================================================================
Received Prepare
Registering precompiled user dll's ...
Registered in 0.000564 seconds.
Begin MonoManager ReloadAssembly
Native extension for WindowsStandalone target not found
Native extension for OSXStandalone target not found
Native extension for WebGL target not found
Refreshing native plugins compatible for Editor in 0.19 ms, found 0 plugins.
Preloading 0 native plugins for Editor in 0.00 ms.
Mono: successfully reloaded assembly
- Completed reload, in  0.633 seconds
Platform modules already initialized, skipping
Refreshing native plugins compatible for Editor in 0.19 ms, found 0 plugins.
Preloading 0 native plugins for Editor in 0.00 ms.
Unloading 1116 Unused Serialized files (Serialized files now loaded: 0)
System memory in use before: 57.8 MB.
System memory in use after: 57.9 MB.

Unloading 5 unused Assets to reduce memory usage. Loaded Objects now: 1575.
Total: 1.549600 ms (FindLiveObjects: 0.126700 ms CreateObjectMapping: 0.024500 ms MarkObjects: 1.348700 ms  DeleteObjects: 0.048500 ms)

========================================================================
Received Prepare
Registering precompiled user dll's ...
Registered in 0.000764 seconds.
Begin MonoManager ReloadAssembly
Native extension for WindowsStandalone target not found
Native extension for OSXStandalone target not found
Native extension for WebGL target not found
Refreshing native plugins compatible for Editor in 0.24 ms, found 0 plugins.
Preloading 0 native plugins for Editor in 0.00 ms.
Mono: successfully reloaded assembly
- Completed reload, in  0.664 seconds
Platform modules already initialized, skipping
Refreshing native plugins compatible for Editor in 0.20 ms, found 0 plugins.
Preloading 0 native plugins for Editor in 0.00 ms.
Unloading 1116 Unused Serialized files (Serialized files now loaded: 0)
System memory in use before: 57.8 MB.
System memory in use after: 57.9 MB.

Unloading 5 unused Assets to reduce memory usage. Loaded Objects now: 1578.
Total: 2.128800 ms (FindLiveObjects: 0.109800 ms CreateObjectMapping: 0.024000 ms MarkObjects: 1.929200 ms  DeleteObjects: 0.064600 ms)

========================================================================
Received Prepare
Registering precompiled user dll's ...
Registered in 0.000666 seconds.
Begin MonoManager ReloadAssembly
Native extension for WindowsStandalone target not found
Native extension for OSXStandalone target not found
Native extension for WebGL target not found
Refreshing native plugins compatible for Editor in 0.20 ms, found 0 plugins.
Preloading 0 native plugins for Editor in 0.00 ms.
Mono: successfully reloaded assembly
- Completed reload, in  0.622 seconds
Platform modules already initialized, skipping
Refreshing native plugins compatible for Editor in 0.20 ms, found 0 plugins.
Preloading 0 native plugins for Editor in 0.00 ms.
Unloading 1116 Unused Serialized files (Serialized files now loaded: 0)
System memory in use before: 57.9 MB.
System memory in use after: 57.9 MB.

Unloading 5 unused Assets to reduce memory usage. Loaded Objects now: 1581.
Total: 1.581000 ms (FindLiveObjects: 0.114300 ms CreateObjectMapping: 0.023200 ms MarkObjects: 1.398700 ms  DeleteObjects: 0.043800 ms)

========================================================================
Received Import Request.
  Time since last request: 452.512706 seconds.
  path: Assets/Scenes/MainMenu.unity
  artifactKey: Guid(85c0c56f1b452494d948dc5f912de768) Importer(815301076,1909f56bfc062723c751e8b465ee728b)
Start importing Assets/Scenes/MainMenu.unity using Guid(85c0c56f1b452494d948dc5f912de768) Importer(815301076,1909f56bfc062723c751e8b465ee728b)  -> (artifact id: '6f9c22b12a994bfc36422468e03ac8d5') in 0.013519 seconds
  Import took 0.015416 seconds .

========================================================================
Received Import Request.
  Time since last request: 98.903131 seconds.
  path: Assets/Sounds
  artifactKey: Guid(b3a2b2cef2b7ad1498e3fce93c4a35dd) Importer(815301076,1909f56bfc062723c751e8b465ee728b)
Start importing Assets/Sounds using Guid(b3a2b2cef2b7ad1498e3fce93c4a35dd) Importer(815301076,1909f56bfc062723c751e8b465ee728b)  -> (artifact id: '2b9104d5de6ec459afc3c5d539852a34') in 0.002461 seconds
  Import took 0.004147 seconds .

========================================================================
Received Import Request.
  Time since last request: 22.405895 seconds.
  path: Assets/Sounds/!uso_Main_Menu_Loop.wav
  artifactKey: Guid(9a7b5c6cbebe0d443bb1865fb86707b7) Importer(815301076,1909f56bfc062723c751e8b465ee728b)
Start importing Assets/Sounds/!uso_Main_Menu_Loop.wav using Guid(9a7b5c6cbebe0d443bb1865fb86707b7) Importer(815301076,1909f56bfc062723c751e8b465ee728b)  -> (artifact id: 'c67e6adb504ea5744233031a9ffff72e') in 0.053417 seconds
  Import took 0.055175 seconds .

========================================================================
Received Import Request.
  Time since last request: 13.908172 seconds.
  path: Assets/Sounds/MenuClickSound.wav
  artifactKey: Guid(b1eadba8e10bfa2488805d96145bd38b) Importer(815301076,1909f56bfc062723c751e8b465ee728b)
Start importing Assets/Sounds/MenuClickSound.wav using Guid(b1eadba8e10bfa2488805d96145bd38b) Importer(815301076,1909f56bfc062723c751e8b465ee728b)  -> (artifact id: '62b5f36b5a195f76a3fc196e96906b2b') in 0.015237 seconds
  Import took 0.017122 seconds .

========================================================================
Received Import Request.
  Time since last request: 0.002727 seconds.
  path: Assets/Sounds/MenuClickSound.wav
  artifactKey: Guid(b1eadba8e10bfa2488805d96145bd38b) Importer(815301076,1909f56bfc062723c751e8b465ee728b)
Start importing Assets/Sounds/MenuClickSound.wav using Guid(b1eadba8e10bfa2488805d96145bd38b) Importer(815301076,1909f56bfc062723c751e8b465ee728b)  -> (artifact id: '62b5f36b5a195f76a3fc196e96906b2b') in 0.006334 seconds
  Import took 0.007698 seconds .

========================================================================
Received Import Request.
  Time since last request: 483.204232 seconds.
  path: Assets/Sounds/SoundEffectsMixer.mixer
  artifactKey: Guid(fcf5569e323d64e4ea3c6852795644ac) Importer(815301076,1909f56bfc062723c751e8b465ee728b)
Start importing Assets/Sounds/SoundEffectsMixer.mixer using Guid(fcf5569e323d64e4ea3c6852795644ac) Importer(815301076,1909f56bfc062723c751e8b465ee728b)  -> (artifact id: 'c4cb5727c7cee5a95527e2c0ade02f7a') in 0.006863 seconds
  Import took 0.009151 seconds .

========================================================================
Received Import Request.
  Time since last request: 13.323356 seconds.
  path: Assets/Sounds/VolumeMixer.mixer
  artifactKey: Guid(8ad989aea61aaba4a9ea56f67b93130f) Importer(815301076,1909f56bfc062723c751e8b465ee728b)
Start importing Assets/Sounds/VolumeMixer.mixer using Guid(8ad989aea61aaba4a9ea56f67b93130f) Importer(815301076,1909f56bfc062723c751e8b465ee728b)  -> (artifact id: 'cd894354bad3b565a1f712ab8f29075b') in 0.003542 seconds
  Import took 0.005595 seconds .

========================================================================
Received Import Request.
  Time since last request: 0.000329 seconds.
  path: Assets/Sounds/VolumeMixer.mixer
  artifactKey: Guid(8ad989aea61aaba4a9ea56f67b93130f) Importer(815301076,1909f56bfc062723c751e8b465ee728b)
Start importing Assets/Sounds/VolumeMixer.mixer using Guid(8ad989aea61aaba4a9ea56f67b93130f) Importer(815301076,1909f56bfc062723c751e8b465ee728b)  -> (artifact id: 'cd894354bad3b565a1f712ab8f29075b') in 0.002378 seconds
  Import took 0.004168 seconds .

========================================================================
Received Import Request.
  Time since last request: 12.955809 seconds.
  path: Assets/Sounds/SoundEffectsMixer.mixer
  artifactKey: Guid(fcf5569e323d64e4ea3c6852795644ac) Importer(815301076,1909f56bfc062723c751e8b465ee728b)
Start importing Assets/Sounds/SoundEffectsMixer.mixer using Guid(fcf5569e323d64e4ea3c6852795644ac) Importer(815301076,1909f56bfc062723c751e8b465ee728b)  -> (artifact id: '10922cb9d15962ea42dbfcce6332272c') in 0.003011 seconds
  Import took 0.004948 seconds .

========================================================================
Received Import Request.
  Time since last request: 0.014557 seconds.
  path: Assets/Sounds/SoundEffectsMixer.mixer
  artifactKey: Guid(fcf5569e323d64e4ea3c6852795644ac) Importer(815301076,1909f56bfc062723c751e8b465ee728b)
Start importing Assets/Sounds/SoundEffectsMixer.mixer using Guid(fcf5569e323d64e4ea3c6852795644ac) Importer(815301076,1909f56bfc062723c751e8b465ee728b)  -> (artifact id: '10922cb9d15962ea42dbfcce6332272c') in 0.002409 seconds
  Import took 0.003922 seconds .

========================================================================
Received Import Request.
  Time since last request: 4.536144 seconds.
  path: Assets/Sounds/SoundEffectsMixer.mixer
  artifactKey: Guid(fcf5569e323d64e4ea3c6852795644ac) Importer(815301076,1909f56bfc062723c751e8b465ee728b)
Start importing Assets/Sounds/SoundEffectsMixer.mixer using Guid(fcf5569e323d64e4ea3c6852795644ac) Importer(815301076,1909f56bfc062723c751e8b465ee728b)  -> (artifact id: '5d2e121e9955cddbee0eaf2f42e572ab') in 0.002416 seconds
  Import took 0.004096 seconds .

========================================================================
Received Import Request.
  Time since last request: 63.678542 seconds.
  path: Assets/Sounds/VolumeMixer.mixer
  artifactKey: Guid(8ad989aea61aaba4a9ea56f67b93130f) Importer(815301076,1909f56bfc062723c751e8b465ee728b)
Start importing Assets/Sounds/VolumeMixer.mixer using Guid(8ad989aea61aaba4a9ea56f67b93130f) Importer(815301076,1909f56bfc062723c751e8b465ee728b)  -> (artifact id: 'd80ec319a21288474033bd336bce1e25') in 0.003127 seconds
  Import took 0.005016 seconds .

========================================================================
Received Import Request.
  Time since last request: 0.011488 seconds.
  path: Assets/Sounds/VolumeMixer.mixer
  artifactKey: Guid(8ad989aea61aaba4a9ea56f67b93130f) Importer(815301076,1909f56bfc062723c751e8b465ee728b)
Start importing Assets/Sounds/VolumeMixer.mixer using Guid(8ad989aea61aaba4a9ea56f67b93130f) Importer(815301076,1909f56bfc062723c751e8b465ee728b)  -> (artifact id: 'd80ec319a21288474033bd336bce1e25') in 0.002464 seconds
  Import took 0.004274 seconds .

========================================================================
Received Import Request.
  Time since last request: 2.543318 seconds.
  path: Assets/Sounds/VolumeMixer.mixer
  artifactKey: Guid(8ad989aea61aaba4a9ea56f67b93130f) Importer(815301076,1909f56bfc062723c751e8b465ee728b)
Start importing Assets/Sounds/VolumeMixer.mixer using Guid(8ad989aea61aaba4a9ea56f67b93130f) Importer(815301076,1909f56bfc062723c751e8b465ee728b)  -> (artifact id: '7f155f3fa94f12993e8d6cf60f6faf87') in 0.002549 seconds
  Import took 0.004282 seconds .

========================================================================
Received Import Request.
  Time since last request: 2.299861 seconds.
  path: Assets/Sounds/VolumeMixer.mixer
  artifactKey: Guid(8ad989aea61aaba4a9ea56f67b93130f) Importer(815301076,1909f56bfc062723c751e8b465ee728b)
Start importing Assets/Sounds/VolumeMixer.mixer using Guid(8ad989aea61aaba4a9ea56f67b93130f) Importer(815301076,1909f56bfc062723c751e8b465ee728b)  -> (artifact id: 'e6842ffc9f55257e737bdfe5f7199fc3') in 0.002408 seconds
  Import took 0.004169 seconds .

========================================================================
Received Import Request.
  Time since last request: 0.015068 seconds.
  path: Assets/Sounds/VolumeMixer.mixer
  artifactKey: Guid(8ad989aea61aaba4a9ea56f67b93130f) Importer(815301076,1909f56bfc062723c751e8b465ee728b)
Start importing Assets/Sounds/VolumeMixer.mixer using Guid(8ad989aea61aaba4a9ea56f67b93130f) Importer(815301076,1909f56bfc062723c751e8b465ee728b)  -> (artifact id: 'e6842ffc9f55257e737bdfe5f7199fc3') in 0.002303 seconds
  Import took 0.003892 seconds .

========================================================================
Received Import Request.
  Time since last request: 2.240123 seconds.
  path: Assets/Sounds/VolumeMixer.mixer
  artifactKey: Guid(8ad989aea61aaba4a9ea56f67b93130f) Importer(815301076,1909f56bfc062723c751e8b465ee728b)
Start importing Assets/Sounds/VolumeMixer.mixer using Guid(8ad989aea61aaba4a9ea56f67b93130f) Importer(815301076,1909f56bfc062723c751e8b465ee728b)  -> (artifact id: '86606300038047c872557e084914e4ad') in 0.002336 seconds
  Import took 0.004032 seconds .

========================================================================
Received Import Request.
  Time since last request: 62.158662 seconds.
  path: Assets/Sounds/VolumeMixer.mixer
  artifactKey: Guid(8ad989aea61aaba4a9ea56f67b93130f) Importer(815301076,1909f56bfc062723c751e8b465ee728b)
Start importing Assets/Sounds/VolumeMixer.mixer using Guid(8ad989aea61aaba4a9ea56f67b93130f) Importer(815301076,1909f56bfc062723c751e8b465ee728b)  -> (artifact id: '377b089c196b177c620aa1167959f4c8') in 0.002205 seconds
  Import took 0.003941 seconds .

========================================================================
Received Import Request.
  Time since last request: 0.015696 seconds.
  path: Assets/Sounds/VolumeMixer.mixer
  artifactKey: Guid(8ad989aea61aaba4a9ea56f67b93130f) Importer(815301076,1909f56bfc062723c751e8b465ee728b)
Start importing Assets/Sounds/VolumeMixer.mixer using Guid(8ad989aea61aaba4a9ea56f67b93130f) Importer(815301076,1909f56bfc062723c751e8b465ee728b)  -> (artifact id: '377b089c196b177c620aa1167959f4c8') in 0.002316 seconds
  Import took 0.003941 seconds .

========================================================================
Received Import Request.
  Time since last request: 3.559213 seconds.
  path: Assets/Sounds/VolumeMixer.mixer
  artifactKey: Guid(8ad989aea61aaba4a9ea56f67b93130f) Importer(815301076,1909f56bfc062723c751e8b465ee728b)
Start importing Assets/Sounds/VolumeMixer.mixer using Guid(8ad989aea61aaba4a9ea56f67b93130f) Importer(815301076,1909f56bfc062723c751e8b465ee728b)  -> (artifact id: '7551cf76cb74c6805d943c27393d8865') in 0.002338 seconds
  Import took 0.004097 seconds .

========================================================================
Received Import Request.
  Time since last request: 66.327326 seconds.
  path: Assets/Sounds/NewAudioMixer.mixer
  artifactKey: Guid(7e3935aabc2353240908db3c2b0c4744) Importer(815301076,1909f56bfc062723c751e8b465ee728b)
Start importing Assets/Sounds/NewAudioMixer.mixer using Guid(7e3935aabc2353240908db3c2b0c4744) Importer(815301076,1909f56bfc062723c751e8b465ee728b)  -> (artifact id: '081315284f7eb79df27c80689d3b4a6b') in 0.004281 seconds
  Import took 0.006256 seconds .

========================================================================
Received Prepare
Registering precompiled user dll's ...
Registered in 0.000739 seconds.
Begin MonoManager ReloadAssembly
Native extension for WindowsStandalone target not found
Native extension for OSXStandalone target not found
Native extension for WebGL target not found
Refreshing native plugins compatible for Editor in 0.20 ms, found 0 plugins.
Preloading 0 native plugins for Editor in 0.00 ms.
Mono: successfully reloaded assembly
- Completed reload, in  0.695 seconds
Platform modules already initialized, skipping
Refreshing native plugins compatible for Editor in 0.20 ms, found 0 plugins.
Preloading 0 native plugins for Editor in 0.00 ms.
Unloading 1116 Unused Serialized files (Serialized files now loaded: 0)
System memory in use before: 61.0 MB.
System memory in use after: 61.1 MB.

Unloading 5 unused Assets to reduce memory usage. Loaded Objects now: 1593.
Total: 1.728900 ms (FindLiveObjects: 0.213800 ms CreateObjectMapping: 0.057500 ms MarkObjects: 1.400200 ms  DeleteObjects: 0.056400 ms)

========================================================================
Received Prepare
Registering precompiled user dll's ...
Registered in 0.000656 seconds.
Begin MonoManager ReloadAssembly
Native extension for WindowsStandalone target not found
Native extension for OSXStandalone target not found
Native extension for WebGL target not found
Refreshing native plugins compatible for Editor in 0.21 ms, found 0 plugins.
Preloading 0 native plugins for Editor in 0.00 ms.
Mono: successfully reloaded assembly
- Completed reload, in  0.629 seconds
Platform modules already initialized, skipping
Refreshing native plugins compatible for Editor in 0.19 ms, found 0 plugins.
Preloading 0 native plugins for Editor in 0.00 ms.
Unloading 1116 Unused Serialized files (Serialized files now loaded: 0)
System memory in use before: 61.0 MB.
System memory in use after: 61.1 MB.

Unloading 5 unused Assets to reduce memory usage. Loaded Objects now: 1596.
Total: 1.323700 ms (FindLiveObjects: 0.113400 ms CreateObjectMapping: 0.023200 ms MarkObjects: 1.145700 ms  DeleteObjects: 0.040700 ms)

========================================================================
Received Prepare
Registering precompiled user dll's ...
Registered in 0.000683 seconds.
Begin MonoManager ReloadAssembly
Native extension for WindowsStandalone target not found
Native extension for OSXStandalone target not found
Native extension for WebGL target not found
Refreshing native plugins compatible for Editor in 0.19 ms, found 0 plugins.
Preloading 0 native plugins for Editor in 0.00 ms.
Mono: successfully reloaded assembly
- Completed reload, in  0.621 seconds
Platform modules already initialized, skipping
Refreshing native plugins compatible for Editor in 0.20 ms, found 0 plugins.
Preloading 0 native plugins for Editor in 0.00 ms.
Unloading 1116 Unused Serialized files (Serialized files now loaded: 0)
System memory in use before: 61.0 MB.
System memory in use after: 61.1 MB.

Unloading 5 unused Assets to reduce memory usage. Loaded Objects now: 1599.
Total: 1.569700 ms (FindLiveObjects: 0.139200 ms CreateObjectMapping: 0.023300 ms MarkObjects: 1.363800 ms  DeleteObjects: 0.042500 ms)

========================================================================
Received Prepare
Registering precompiled user dll's ...
Registered in 0.000742 seconds.
Begin MonoManager ReloadAssembly
Native extension for WindowsStandalone target not found
Native extension for OSXStandalone target not found
Native extension for WebGL target not found
Refreshing native plugins compatible for Editor in 0.20 ms, found 0 plugins.
Preloading 0 native plugins for Editor in 0.00 ms.
Mono: successfully reloaded assembly
- Completed reload, in  0.627 seconds
Platform modules already initialized, skipping
Refreshing native plugins compatible for Editor in 0.20 ms, found 0 plugins.
Preloading 0 native plugins for Editor in 0.00 ms.
Unloading 1116 Unused Serialized files (Serialized files now loaded: 0)
System memory in use before: 61.0 MB.
System memory in use after: 61.1 MB.

Unloading 5 unused Assets to reduce memory usage. Loaded Objects now: 1602.
Total: 1.561900 ms (FindLiveObjects: 0.137800 ms CreateObjectMapping: 0.026200 ms MarkObjects: 1.351500 ms  DeleteObjects: 0.045000 ms)

========================================================================
Received Prepare
Registering precompiled user dll's ...
Registered in 0.000640 seconds.
Begin MonoManager ReloadAssembly
Native extension for WindowsStandalone target not found
Native extension for OSXStandalone target not found
Native extension for WebGL target not found
Refreshing native plugins compatible for Editor in 0.19 ms, found 0 plugins.
Preloading 0 native plugins for Editor in 0.00 ms.
Mono: successfully reloaded assembly
- Completed reload, in  0.613 seconds
Platform modules already initialized, skipping
Refreshing native plugins compatible for Editor in 0.22 ms, found 0 plugins.
Preloading 0 native plugins for Editor in 0.00 ms.
Unloading 1116 Unused Serialized files (Serialized files now loaded: 0)
System memory in use before: 61.0 MB.
System memory in use after: 61.1 MB.

Unloading 5 unused Assets to reduce memory usage. Loaded Objects now: 1605.
Total: 1.627200 ms (FindLiveObjects: 0.128500 ms CreateObjectMapping: 0.023800 ms MarkObjects: 1.427600 ms  DeleteObjects: 0.046100 ms)

========================================================================
Received Import Request.
  Time since last request: 560.121117 seconds.
  path: Assets/Sounds/SoundEffectsMixer.mixer
  artifactKey: Guid(fcf5569e323d64e4ea3c6852795644ac) Importer(815301076,1909f56bfc062723c751e8b465ee728b)
Start importing Assets/Sounds/SoundEffectsMixer.mixer using Guid(fcf5569e323d64e4ea3c6852795644ac) Importer(815301076,1909f56bfc062723c751e8b465ee728b)  -> (artifact id: 'effe35e94c9fb1469d7bda5168749566') in 0.014638 seconds
  Import took 0.016500 seconds .

========================================================================
Received Import Request.
  Time since last request: 0.000231 seconds.
  path: Assets/Sounds/VolumeMixer.mixer
  artifactKey: Guid(8ad989aea61aaba4a9ea56f67b93130f) Importer(815301076,1909f56bfc062723c751e8b465ee728b)
Start importing Assets/Sounds/VolumeMixer.mixer using Guid(8ad989aea61aaba4a9ea56f67b93130f) Importer(815301076,1909f56bfc062723c751e8b465ee728b)  -> (artifact id: '089947ba3d3e6ad54ce05ca0d5e11a05') in 0.002449 seconds
  Import took 0.004041 seconds .

========================================================================
Received Prepare
Registering precompiled user dll's ...
Registered in 0.000638 seconds.
Begin MonoManager ReloadAssembly
Native extension for WindowsStandalone target not found
Native extension for OSXStandalone target not found
Native extension for WebGL target not found
Refreshing native plugins compatible for Editor in 0.19 ms, found 0 plugins.
Preloading 0 native plugins for Editor in 0.00 ms.
Mono: successfully reloaded assembly
- Completed reload, in  0.628 seconds
Platform modules already initialized, skipping
Refreshing native plugins compatible for Editor in 0.19 ms, found 0 plugins.
Preloading 0 native plugins for Editor in 0.00 ms.
Unloading 1116 Unused Serialized files (Serialized files now loaded: 0)
System memory in use before: 61.1 MB.
System memory in use after: 61.1 MB.

Unloading 5 unused Assets to reduce memory usage. Loaded Objects now: 1608.
Total: 1.519800 ms (FindLiveObjects: 0.114500 ms CreateObjectMapping: 0.024000 ms MarkObjects: 1.341600 ms  DeleteObjects: 0.038500 ms)

========================================================================
Received Import Request.
  Time since last request: 166.010603 seconds.
  path: Assets/Sounds/SoundEffectsMixer.mixer
  artifactKey: Guid(fcf5569e323d64e4ea3c6852795644ac) Importer(815301076,1909f56bfc062723c751e8b465ee728b)
Start importing Assets/Sounds/SoundEffectsMixer.mixer using Guid(fcf5569e323d64e4ea3c6852795644ac) Importer(815301076,1909f56bfc062723c751e8b465ee728b)  -> (artifact id: '0ce2533e7d819f1f53983f897a6c44a3') in 0.010203 seconds
  Import took 0.012109 seconds .

========================================================================
Received Import Request.
  Time since last request: 21.732753 seconds.
  path: Assets/Sounds/SoundEffectsMixer.mixer
  artifactKey: Guid(fcf5569e323d64e4ea3c6852795644ac) Importer(815301076,1909f56bfc062723c751e8b465ee728b)
Start importing Assets/Sounds/SoundEffectsMixer.mixer using Guid(fcf5569e323d64e4ea3c6852795644ac) Importer(815301076,1909f56bfc062723c751e8b465ee728b)  -> (artifact id: '1759bc5f342ad918c0b0f242ad3ada0b') in 0.003447 seconds
  Import took 0.005491 seconds .

========================================================================
Received Import Request.
  Time since last request: 0.011033 seconds.
  path: Assets/Sounds/SoundEffectsMixer.mixer
  artifactKey: Guid(fcf5569e323d64e4ea3c6852795644ac) Importer(815301076,1909f56bfc062723c751e8b465ee728b)
Start importing Assets/Sounds/SoundEffectsMixer.mixer using Guid(fcf5569e323d64e4ea3c6852795644ac) Importer(815301076,1909f56bfc062723c751e8b465ee728b)  -> (artifact id: '1759bc5f342ad918c0b0f242ad3ada0b') in 0.002514 seconds
  Import took 0.004297 seconds .

========================================================================
Received Import Request.
  Time since last request: 3.360663 seconds.
  path: Assets/Sounds/SoundEffectsMixer.mixer
  artifactKey: Guid(fcf5569e323d64e4ea3c6852795644ac) Importer(815301076,1909f56bfc062723c751e8b465ee728b)
Start importing Assets/Sounds/SoundEffectsMixer.mixer using Guid(fcf5569e323d64e4ea3c6852795644ac) Importer(815301076,1909f56bfc062723c751e8b465ee728b)  -> (artifact id: '73a812a5382cbd0b26b90bfcde63d9b3') in 0.002641 seconds
  Import took 0.004344 seconds .

========================================================================
Received Prepare
Registering precompiled user dll's ...
Registered in 0.000675 seconds.
Begin MonoManager ReloadAssembly
Native extension for WindowsStandalone target not found
Native extension for OSXStandalone target not found
Native extension for WebGL target not found
Refreshing native plugins compatible for Editor in 0.20 ms, found 0 plugins.
Preloading 0 native plugins for Editor in 0.00 ms.
Mono: successfully reloaded assembly
- Completed reload, in  0.618 seconds
Platform modules already initialized, skipping
Refreshing native plugins compatible for Editor in 0.19 ms, found 0 plugins.
Preloading 0 native plugins for Editor in 0.00 ms.
Unloading 1116 Unused Serialized files (Serialized files now loaded: 0)
System memory in use before: 61.1 MB.
System memory in use after: 61.1 MB.

Unloading 5 unused Assets to reduce memory usage. Loaded Objects now: 1611.
Total: 1.543000 ms (FindLiveObjects: 0.127600 ms CreateObjectMapping: 0.023600 ms MarkObjects: 1.348200 ms  DeleteObjects: 0.042800 ms)

========================================================================
Received Prepare
Registering precompiled user dll's ...
Registered in 0.000604 seconds.
Begin MonoManager ReloadAssembly
Native extension for WindowsStandalone target not found
Native extension for OSXStandalone target not found
Native extension for WebGL target not found
Refreshing native plugins compatible for Editor in 0.20 ms, found 0 plugins.
Preloading 0 native plugins for Editor in 0.00 ms.
Mono: successfully reloaded assembly
- Completed reload, in  0.618 seconds
Platform modules already initialized, skipping
Refreshing native plugins compatible for Editor in 0.19 ms, found 0 plugins.
Preloading 0 native plugins for Editor in 0.00 ms.
Unloading 1116 Unused Serialized files (Serialized files now loaded: 0)
System memory in use before: 61.1 MB.
System memory in use after: 61.1 MB.

Unloading 5 unused Assets to reduce memory usage. Loaded Objects now: 1614.
Total: 1.537600 ms (FindLiveObjects: 0.122700 ms CreateObjectMapping: 0.023700 ms MarkObjects: 1.345700 ms  DeleteObjects: 0.044200 ms)

========================================================================
Received Prepare
Registering precompiled user dll's ...
Registered in 0.000657 seconds.
Begin MonoManager ReloadAssembly
Native extension for WindowsStandalone target not found
Native extension for OSXStandalone target not found
Native extension for WebGL target not found
Refreshing native plugins compatible for Editor in 0.19 ms, found 0 plugins.
Preloading 0 native plugins for Editor in 0.00 ms.
Mono: successfully reloaded assembly
- Completed reload, in  0.619 seconds
Platform modules already initialized, skipping
Refreshing native plugins compatible for Editor in 0.22 ms, found 0 plugins.
Preloading 0 native plugins for Editor in 0.00 ms.
Unloading 1116 Unused Serialized files (Serialized files now loaded: 0)
System memory in use before: 61.1 MB.
System memory in use after: 61.1 MB.

Unloading 5 unused Assets to reduce memory usage. Loaded Objects now: 1617.
Total: 1.620900 ms (FindLiveObjects: 0.136200 ms CreateObjectMapping: 0.024300 ms MarkObjects: 1.414000 ms  DeleteObjects: 0.044900 ms)

========================================================================
Received Prepare
Registering precompiled user dll's ...
Registered in 0.000597 seconds.
Begin MonoManager ReloadAssembly
Native extension for WindowsStandalone target not found
Native extension for OSXStandalone target not found
Native extension for WebGL target not found
Refreshing native plugins compatible for Editor in 0.19 ms, found 0 plugins.
Preloading 0 native plugins for Editor in 0.00 ms.
Mono: successfully reloaded assembly
- Completed reload, in  0.626 seconds
Platform modules already initialized, skipping
Refreshing native plugins compatible for Editor in 0.19 ms, found 0 plugins.
Preloading 0 native plugins for Editor in 0.00 ms.
Unloading 1116 Unused Serialized files (Serialized files now loaded: 0)
System memory in use before: 61.1 MB.
System memory in use after: 61.1 MB.

Unloading 5 unused Assets to reduce memory usage. Loaded Objects now: 1620.
Total: 1.328200 ms (FindLiveObjects: 0.101500 ms CreateObjectMapping: 0.023900 ms MarkObjects: 1.155700 ms  DeleteObjects: 0.046500 ms)

========================================================================
Received Prepare
Registering precompiled user dll's ...
Registered in 0.000807 seconds.
Begin MonoManager ReloadAssembly
Native extension for WindowsStandalone target not found
Native extension for OSXStandalone target not found
Native extension for WebGL target not found
Refreshing native plugins compatible for Editor in 0.20 ms, found 0 plugins.
Preloading 0 native plugins for Editor in 0.00 ms.
Mono: successfully reloaded assembly
- Completed reload, in  0.631 seconds
Platform modules already initialized, skipping
Refreshing native plugins compatible for Editor in 0.21 ms, found 0 plugins.
Preloading 0 native plugins for Editor in 0.00 ms.
Unloading 1116 Unused Serialized files (Serialized files now loaded: 0)
System memory in use before: 61.1 MB.
System memory in use after: 61.1 MB.

Unloading 5 unused Assets to reduce memory usage. Loaded Objects now: 1623.
Total: 1.417100 ms (FindLiveObjects: 0.139500 ms CreateObjectMapping: 0.024200 ms MarkObjects: 1.200700 ms  DeleteObjects: 0.051500 ms)

========================================================================
Received Prepare
Registering precompiled user dll's ...
Registered in 0.000629 seconds.
Begin MonoManager ReloadAssembly
Native extension for WindowsStandalone target not found
Native extension for OSXStandalone target not found
Native extension for WebGL target not found
Refreshing native plugins compatible for Editor in 0.19 ms, found 0 plugins.
Preloading 0 native plugins for Editor in 0.00 ms.
Mono: successfully reloaded assembly
- Completed reload, in  0.623 seconds
Platform modules already initialized, skipping
Refreshing native plugins compatible for Editor in 0.19 ms, found 0 plugins.
Preloading 0 native plugins for Editor in 0.00 ms.
Unloading 1116 Unused Serialized files (Serialized files now loaded: 0)
System memory in use before: 61.1 MB.
System memory in use after: 61.2 MB.

Unloading 5 unused Assets to reduce memory usage. Loaded Objects now: 1626.
Total: 1.351800 ms (FindLiveObjects: 0.142800 ms CreateObjectMapping: 0.028900 ms MarkObjects: 1.134400 ms  DeleteObjects: 0.044700 ms)

========================================================================
Received Prepare
Registering precompiled user dll's ...
Registered in 0.000647 seconds.
Begin MonoManager ReloadAssembly
Native extension for WindowsStandalone target not found
Native extension for OSXStandalone target not found
Native extension for WebGL target not found
Refreshing native plugins compatible for Editor in 0.20 ms, found 0 plugins.
Preloading 0 native plugins for Editor in 0.00 ms.
Mono: successfully reloaded assembly
- Completed reload, in  0.631 seconds
Platform modules already initialized, skipping
Refreshing native plugins compatible for Editor in 0.20 ms, found 0 plugins.
Preloading 0 native plugins for Editor in 0.00 ms.
Unloading 1116 Unused Serialized files (Serialized files now loaded: 0)
System memory in use before: 61.1 MB.
System memory in use after: 61.2 MB.

Unloading 5 unused Assets to reduce memory usage. Loaded Objects now: 1629.
Total: 1.357900 ms (FindLiveObjects: 0.136500 ms CreateObjectMapping: 0.023000 ms MarkObjects: 1.157900 ms  DeleteObjects: 0.039900 ms)

========================================================================
Received Prepare
Registering precompiled user dll's ...
Registered in 0.000584 seconds.
Begin MonoManager ReloadAssembly
Native extension for WindowsStandalone target not found
Native extension for OSXStandalone target not found
Native extension for WebGL target not found
Refreshing native plugins compatible for Editor in 0.21 ms, found 0 plugins.
Preloading 0 native plugins for Editor in 0.00 ms.
Mono: successfully reloaded assembly
- Completed reload, in  0.617 seconds
Platform modules already initialized, skipping
Refreshing native plugins compatible for Editor in 0.19 ms, found 0 plugins.
Preloading 0 native plugins for Editor in 0.00 ms.
Unloading 1116 Unused Serialized files (Serialized files now loaded: 0)
System memory in use before: 61.1 MB.
System memory in use after: 61.2 MB.

Unloading 5 unused Assets to reduce memory usage. Loaded Objects now: 1632.
Total: 1.310200 ms (FindLiveObjects: 0.113100 ms CreateObjectMapping: 0.024100 ms MarkObjects: 1.117400 ms  DeleteObjects: 0.054900 ms)

========================================================================
Received Import Request.
  Time since last request: 2536.991119 seconds.
  path: Assets/Sounds/SoundEffectsMixer.mixer
  artifactKey: Guid(fcf5569e323d64e4ea3c6852795644ac) Importer(815301076,1909f56bfc062723c751e8b465ee728b)
Start importing Assets/Sounds/SoundEffectsMixer.mixer using Guid(fcf5569e323d64e4ea3c6852795644ac) Importer(815301076,1909f56bfc062723c751e8b465ee728b)  -> (artifact id: 'bf08cb97d94c12a57f525c60754bf65d') in 0.018195 seconds
  Import took 0.019983 seconds .

========================================================================
Received Import Request.
  Time since last request: 0.000247 seconds.
  path: Assets/Sounds/VolumeMixer.mixer
  artifactKey: Guid(8ad989aea61aaba4a9ea56f67b93130f) Importer(815301076,1909f56bfc062723c751e8b465ee728b)
Start importing Assets/Sounds/VolumeMixer.mixer using Guid(8ad989aea61aaba4a9ea56f67b93130f) Importer(815301076,1909f56bfc062723c751e8b465ee728b)  -> (artifact id: 'cb608c3139fd99f097a2c3575bd461b0') in 0.002087 seconds
  Import took 0.003472 seconds .

AssetImportWorkerClient::OnTransportError - code=2 error=End of file
